<?xml version="1.0" encoding="UTF-8"?>
<!-- Generated by org.testng.reporters.JUnitReportReporter -->
<testsuite hostname="LAPTOP-IHMLS1RS" failures="0" tests="2" name="td.Runner.TestNGTestRunner" time="21.296" errors="0" timestamp="27 Jun 2023 20:01:20 GMT" skipped="0">
  <testcase classname="td.Runner.TestNGTestRunner" name="runScenario" time="8.792"/>
  <testcase classname="td.Runner.TestNGTestRunner" name="runScenario" time="12.504"/>
</testsuite> <!-- td.Runner.TestNGTestRunner -->
