<?xml version="1.0" encoding="UTF-8"?>
<!-- Generated by org.testng.reporters.JUnitReportReporter -->
<testsuite hostname="LAPTOP-IHMLS1RS" failures="0" tests="4" name="td.Runner.TestNGTestRunner" time="26.969" errors="0" timestamp="27 Jun 2023 22:08:47 GMT" skipped="0">
  <testcase classname="td.Runner.TestNGTestRunner" name="runScenario" time="8.609"/>
  <testcase classname="td.Runner.TestNGTestRunner" name="runScenario" time="0.000"/>
  <testcase classname="td.Runner.TestNGTestRunner" name="runScenario" time="8.696"/>
  <testcase classname="td.Runner.TestNGTestRunner" name="runScenario" time="9.664"/>
</testsuite> <!-- td.Runner.TestNGTestRunner -->
