<?xml version="1.0" encoding="UTF-8"?>
<!-- Generated by org.testng.reporters.JUnitReportReporter -->
<testsuite hostname="LAPTOP-IHMLS1RS" failures="0" tests="1" name="td.Runner.TestNGTestRunner" time="2.168" errors="1" timestamp="26 Jun 2023 19:07:48 GMT" skipped="0">
  <testcase classname="td.Runner.TestNGTestRunner" name="runScenario" time="2.168">
    <error message="Unable to establish websocket connection to http://localhost:52302/devtools/browser/5d34b923-1269-4386-a7a0-df9a4e4e1ac0
Build info: version: &#039;4.3.0&#039;, revision: &#039;a4995e2c09*&#039;
System info: host: &#039;LAPTOP-IHMLS1RS&#039;, ip: &#039;192.168.2.19&#039;, os.name: &#039;Windows 11&#039;, os.arch: &#039;amd64&#039;, os.version: &#039;10.0&#039;, java.version: &#039;17.0.5&#039;
Driver info: driver.version: ChromeDriver" type="org.openqa.selenium.remote.http.ConnectionFailedException">
      <![CDATA[org.openqa.selenium.remote.http.ConnectionFailedException: Unable to establish websocket connection to http://localhost:52302/devtools/browser/5d34b923-1269-4386-a7a0-df9a4e4e1ac0
Build info: version: '4.3.0', revision: 'a4995e2c09*'
System info: host: 'LAPTOP-IHMLS1RS', ip: '192.168.2.19', os.name: 'Windows 11', os.arch: 'amd64', os.version: '10.0', java.version: '17.0.5'
Driver info: driver.version: ChromeDriver
at org.openqa.selenium.remote.http.netty.NettyWebSocket.<init>(NettyWebSocket.java:102)
at org.openqa.selenium.remote.http.netty.NettyWebSocket.lambda$create$3(NettyWebSocket.java:128)
at org.openqa.selenium.remote.http.netty.NettyClient.openSocket(NettyClient.java:106)
at org.openqa.selenium.devtools.Connection.<init>(Connection.java:77)
at org.openqa.selenium.chromium.ChromiumDriver.lambda$new$2(ChromiumDriver.java:116)
at java.base/java.util.Optional.map(Optional.java:260)
at org.openqa.selenium.chromium.ChromiumDriver.<init>(ChromiumDriver.java:114)
at org.openqa.selenium.chrome.ChromeDriver.<init>(ChromeDriver.java:81)
at org.openqa.selenium.chrome.ChromeDriver.<init>(ChromeDriver.java:49)
at td.StepDefinitions.HomeSteps.user_on_homepage(HomeSteps.java:18)
at âœ½.User is on Home Page(file:///C:/Users/harih/eclipse-workspace/TDCucumberFramework/src/main/java/td/Features/tdhome.feature:9)
]]>
    </error>
  </testcase> <!-- runScenario -->
</testsuite> <!-- td.Runner.TestNGTestRunner -->
