<?xml version="1.0" encoding="UTF-8"?>
<!-- Generated by org.testng.reporters.JUnitReportReporter -->
<testsuite hostname="LAPTOP-IHMLS1RS" failures="0" tests="1" name="td.Runner.TestNGTestRunner" time="10.825" errors="0" timestamp="26 Jun 2023 20:06:31 GMT" skipped="0">
  <testcase classname="td.Runner.TestNGTestRunner" name="runScenario" time="10.825"/>
</testsuite> <!-- td.Runner.TestNGTestRunner -->
