<?xml version="1.0" encoding="UTF-8"?>
<!-- Generated by org.testng.reporters.JUnitReportReporter -->
<testsuite hostname="LAPTOP-IHMLS1RS" failures="0" tests="4" name="td.Runner.SampleRunner" time="0.073" errors="0" timestamp="28 Jun 2023 18:41:09 GMT" skipped="0">
  <testcase classname="td.Runner.SampleRunner" name="runScenario" time="0.006"/>
  <testcase classname="td.Runner.SampleRunner" name="runScenario" time="0.005"/>
  <testcase classname="td.Runner.SampleRunner" name="runScenario" time="0.004"/>
  <testcase classname="td.Runner.SampleRunner" name="runScenario" time="0.058"/>
</testsuite> <!-- td.Runner.SampleRunner -->
